<?xml version="1.0" encoding="UTF-8"?>
<!-- Generated by org.testng.reporters.JUnitReportReporter -->
<testsuite hostname="DESKTOP-9NBI2B1" failures="0" tests="4" name="testClasses.VerifyLoginTabs" time="31.316" errors="0" timestamp="2022-03-04T19:22:51 IST" skipped="2">
  <testcase classname="testClasses.VerifyLoginTabs" name="verifyBankManagerLoginButton" time="0.000">
    <skipped/>
  </testcase> <!-- verifyBankManagerLoginButton -->
  <system-out/>
  <testcase classname="testClasses.VerifyLoginTabs" name="verifyCustomerLoginButton" time="0.000">
    <skipped/>
  </testcase> <!-- verifyCustomerLoginButton -->
  <system-out/>
  <testcase classname="testClasses.VerifyLoginTabs" name="verifyCustomerLoginButton" time="2.194"/>
  <system-out/>
  <testcase classname="testClasses.VerifyLoginTabs" name="verifyBankManagerLoginButton" time="29.122"/>
  <system-out/>
</testsuite> <!-- testClasses.VerifyLoginTabs -->
