<?xml version="1.0" encoding="UTF-8"?>
<!-- Generated by org.testng.reporters.JUnitReportReporter -->
<testsuite hostname="DESKTOP-9NBI2B1" failures="0" tests="1" name="pack123.ToTestTestNGInMaven" time="18.270" errors="0" timestamp="2022-02-21T13:33:18 IST" skipped="0">
  <testcase classname="pack123.ToTestTestNGInMaven" name="verifyTaskTabFunctionality" time="18.270"/>
  <system-out/>
</testsuite> <!-- pack123.ToTestTestNGInMaven -->
