<?xml version="1.0" encoding="UTF-8"?>
<!-- Generated by org.testng.reporters.JUnitReportReporter -->
<testsuite hostname="DESKTOP-9NBI2B1" failures="0" tests="6" name="pack123.VerifyTaskTabAndTimeTrackFunctionality" time="322.811" errors="0" timestamp="2022-03-10T22:04:01 IST" skipped="0">
  <testcase classname="pack123.VerifyTaskTabAndTimeTrackFunctionality" name="verifyTaskTabFunctionality" time="148.220"/>
  <system-out/>
  <testcase classname="pack123.VerifyTaskTabAndTimeTrackFunctionality" name="verifyTimeTrackTabFunctionality" time="30.830"/>
  <system-out/>
  <testcase classname="pack123.VerifyTaskTabAndTimeTrackFunctionality" name="verifyTaskTabFunctionality" time="46.234"/>
  <system-out/>
  <testcase classname="pack123.VerifyTaskTabAndTimeTrackFunctionality" name="verifyTaskTabFunctionality" time="49.667"/>
  <system-out/>
  <testcase classname="pack123.VerifyTaskTabAndTimeTrackFunctionality" name="verifyTimeTrackTabFunctionality" time="6.390"/>
  <system-out/>
  <testcase classname="pack123.VerifyTaskTabAndTimeTrackFunctionality" name="verifyTimeTrackTabFunctionality" time="41.470"/>
  <system-out/>
</testsuite> <!-- pack123.VerifyTaskTabAndTimeTrackFunctionality -->
