<?xml version="1.0" encoding="UTF-8"?>
<!-- Generated by org.testng.reporters.JUnitReportReporter -->
<testsuite hostname="DESKTOP-9NBI2B1" failures="0" tests="1" name="pack123.VerifyTimeTrackTabFunctionality" time="11.627" errors="0" timestamp="2022-02-21T14:09:56 IST" skipped="0">
  <testcase classname="pack123.VerifyTimeTrackTabFunctionality" name="verifyTimeTrackTabFunctionality" time="11.627"/>
  <system-out/>
</testsuite> <!-- pack123.VerifyTimeTrackTabFunctionality -->
