<?xml version="1.0" encoding="UTF-8"?>
<!-- Generated by org.testng.reporters.JUnitReportReporter -->
<testsuite hostname="DESKTOP-9NBI2B1" failures="0" tests="1" name="pack123.VerifyUserPageFunctionality" time="12.121" errors="0" timestamp="2022-02-27T22:11:13 IST" skipped="0">
  <testcase classname="pack123.VerifyUserPageFunctionality" name="verifyUsersTabFunctionality" time="12.121"/>
  <system-out/>
</testsuite> <!-- pack123.VerifyUserPageFunctionality -->
