<?xml version="1.0" encoding="UTF-8"?>
<!-- Generated by org.testng.reporters.JUnitReportReporter -->
<testsuite hostname="DESKTOP-9NBI2B1" failures="0" tests="6" name="pack123.VerifyApplicationHeaders" time="323.858" errors="0" timestamp="2022-03-10T22:04:00 IST" skipped="0">
  <testcase classname="pack123.VerifyApplicationHeaders" name="verifyTaskTabFunctionality" time="56.969"/>
  <system-out/>
  <testcase classname="pack123.VerifyApplicationHeaders" name="verifyUsersTabFunctionality" time="99.499"/>
  <system-out/>
  <testcase classname="pack123.VerifyApplicationHeaders" name="verifyUsersTabFunctionality" time="47.495"/>
  <system-out/>
  <testcase classname="pack123.VerifyApplicationHeaders" name="verifyUsersTabFunctionality" time="30.749"/>
  <system-out/>
  <testcase classname="pack123.VerifyApplicationHeaders" name="verifyTaskTabFunctionality" time="34.433"/>
  <system-out/>
  <testcase classname="pack123.VerifyApplicationHeaders" name="verifyTaskTabFunctionality" time="54.713"/>
  <system-out/>
</testsuite> <!-- pack123.VerifyApplicationHeaders -->
